SoulissClient/proguard.cfg
-keep class android.support.v4.app.** { *; } 
-keep interface android.support.v4.app.** { *; } 
-keep class com.actionbarsherlock.** { *; } 
-keep class it.angelic.soulissclient.** { *; } 
-keep class it.angelic.soulissclient.fragments.** { *; } 
-keep interface com.actionbarsherlock.** { *; } 
-keepattributes *Annotation*,SourceFile,LineNumberTable

#https://groups.google.com/forum/#!msg/actionbarsherlock/aK3fLYg08Jw/hm5_srL1MP8J
-keepclassmembers class **.R$* {
    public static <fields>;
}

#keep all classes that might be used in XML layouts
 
-dontwarn android.support.**

-keepclassmembers enum * {
    public static **[] values();
    public static ** valueOf(java.lang.String);
}
-keepclassmembers class * implements java.io.Serializable {
    static final long serialVersionUID;
    private static final java.io.ObjectStreamField[] serialPersistentFields;
    private void writeObject(java.io.ObjectOutputStream);
    private void readObject(java.io.ObjectInputStream);
    java.lang.Object writeReplace();
    java.lang.Object readResolve();
}

-keep class * implements android.os.Parcelable {
  public static final android.os.Parcelable$Creator *;
}