SoulissClient/proguard/seeds.txt
it.angelic.soulissclient.AddProgramActivity
it.angelic.soulissclient.AddProgramActivity: it.angelic.soulissclient.model.SoulissNode[] nodiArray
it.angelic.soulissclient.AddProgramActivity: it.angelic.soulissclient.db.SoulissDBHelper datasource
it.angelic.soulissclient.AddProgramActivity: it.angelic.soulissclient.helpers.SoulissPreferenceHelper opzioni
it.angelic.soulissclient.AddProgramActivity: AddProgramActivity()
it.angelic.soulissclient.AddProgramActivity: void onCreate(android.os.Bundle)
it.angelic.soulissclient.AddProgramActivity: void onStart()
it.angelic.soulissclient.AddProgramActivity: boolean onCreateOptionsMenu(com.actionbarsherlock.view.Menu)
it.angelic.soulissclient.AddProgramActivity: boolean onOptionsItemSelected(com.actionbarsherlock.view.MenuItem)
it.angelic.soulissclient.AddProgramActivity: void fillNodeSpinner(android.widget.Spinner)
it.angelic.soulissclient.AddProgramActivity: void setTypicalSpinner(android.widget.Spinner,it.angelic.soulissclient.model.SoulissNode)
it.angelic.soulissclient.AddProgramActivity: void fillCommandSpinner(android.widget.Spinner,it.angelic.soulissclient.model.SoulissTypical)
it.angelic.soulissclient.AddProgramActivity: void onDestroy()
it.angelic.soulissclient.AddProgramActivity: it.angelic.soulissclient.model.SoulissNode[] access$0(it.angelic.soulissclient.AddProgramActivity)
it.angelic.soulissclient.AddProgramActivity$1
it.angelic.soulissclient.AddProgramActivity$1: it.angelic.soulissclient.AddProgramActivity this$0
it.angelic.soulissclient.AddProgramActivity$1: android.widget.Spinner val$outputTypicalSpinner
it.angelic.soulissclient.AddProgramActivity$1: AddProgramActivity$1(it.angelic.soulissclient.AddProgramActivity,android.widget.Spinner)
it.angelic.soulissclient.AddProgramActivity$1: void onItemSelected(android.widget.AdapterView,android.view.View,int,long)
it.angelic.soulissclient.AddProgramActivity$1: void onNothingSelected(android.widget.AdapterView)
it.angelic.soulissclient.AddProgramActivity$10
it.angelic.soulissclient.AddProgramActivity$10: it.angelic.soulissclient.AddProgramActivity this$0
it.angelic.soulissclient.AddProgramActivity$10: AddProgramActivity$10(it.angelic.soulissclient.AddProgramActivity)
it.angelic.soulissclient.AddProgramActivity$10: void onClick(android.view.View)
it.angelic.soulissclient.AddProgramActivity$2
it.angelic.soulissclient.AddProgramActivity$2: it.angelic.soulissclient.AddProgramActivity this$0
it.angelic.soulissclient.AddProgramActivity$2: android.widget.Spinner val$outputNodeSpinner
it.angelic.soulissclient.AddProgramActivity$2: android.widget.Spinner val$outputCommandSpinner
it.angelic.soulissclient.AddProgramActivity$2: AddProgramActivity$2(it.angelic.soulissclient.AddProgramActivity,android.widget.Spinner,android.widget.Spinner)
it.angelic.soulissclient.AddProgramActivity$2: void onItemSelected(android.widget.AdapterView,android.view.View,int,long)
it.angelic.soulissclient.AddProgramActivity$2: void onNothingSelected(android.widget.AdapterView)
...
com.actionbarsherlock.app.SherlockListFragment
com.actionbarsherlock.app.SherlockListFragment: com.actionbarsherlock.app.SherlockFragmentActivity mActivity
com.actionbarsherlock.app.SherlockListFragment: SherlockListFragment()
com.actionbarsherlock.app.SherlockListFragment: com.actionbarsherlock.app.SherlockFragmentActivity getSherlockActivity()
com.actionbarsherlock.app.SherlockListFragment: void onAttach(android.app.Activity)
com.actionbarsherlock.app.SherlockListFragment: void onDetach()
com.actionbarsherlock.app.SherlockListFragment: void onCreateOptionsMenu(android.view.Menu,android.view.MenuInflater)
com.actionbarsherlock.app.SherlockListFragment: void onCreateOptionsMenu(com.actionbarsherlock.view.Menu,com.actionbarsherlock.view.MenuInflater)
com.actionbarsherlock.app.SherlockListFragment: void onPrepareOptionsMenu(android.view.Menu)
com.actionbarsherlock.app.SherlockListFragment: void onPrepareOptionsMenu(com.actionbarsherlock.view.Menu)
com.actionbarsherlock.app.SherlockListFragment: boolean onOptionsItemSelected(android.view.MenuItem)
com.actionbarsherlock.app.SherlockListFragment: boolean onOptionsItemSelected(com.actionbarsherlock.view.MenuItem)
com.actionbarsherlock.app.SherlockPreferenceActivity
com.actionbarsherlock.app.SherlockPreferenceActivity: com.actionbarsherlock.ActionBarSherlock mSherlock
com.actionbarsherlock.app.SherlockPreferenceActivity: SherlockPreferenceActivity()
com.actionbarsherlock.app.SherlockPreferenceActivity: com.actionbarsherlock.ActionBarSherlock getSherlock()
com.actionbarsherlock.app.SherlockPreferenceActivity: com.actionbarsherlock.app.ActionBar getSupportActionBar()
com.actionbarsherlock.app.SherlockPreferenceActivity: com.actionbarsherlock.view.ActionMode startActionMode(com.actionbarsherlock.view.ActionMode$Callback)
com.actionbarsherlock.app.SherlockPreferenceActivity: void onActionModeStarted(com.actionbarsherlock.view.ActionMode)
com.actionbarsherlock.app.SherlockPreferenceActivity: void onActionModeFinished(com.actionbarsherlock.view.ActionMode)
com.actionbarsherlock.app.SherlockPreferenceActivity: void onConfigurationChanged(android.content.res.Configuration)
com.actionbarsherlock.app.SherlockPreferenceActivity: void onPostResume()
com.actionbarsherlock.app.SherlockPreferenceActivity: void onPause()
com.actionbarsherlock.app.SherlockPreferenceActivity: void onStop()
com.actionbarsherlock.app.SherlockPreferenceActivity: void onDestroy()
com.actionbarsherlock.app.SherlockPreferenceActivity: void onPostCreate(android.os.Bundle)
com.actionbarsherlock.app.SherlockPreferenceActivity: void onTitleChanged(java.lang.CharSequence,int)