SoulissClient/proguard/mapping.txt
it.angelic.soulissclient.AddProgramActivity -> it.angelic.soulissclient.AddProgramActivity:
    it.angelic.soulissclient.model.SoulissNode[] nodiArray -> nodiArray
    it.angelic.soulissclient.db.SoulissDBHelper datasource -> datasource
    it.angelic.soulissclient.helpers.SoulissPreferenceHelper opzioni -> opzioni
    void onCreate(android.os.Bundle) -> onCreate
    void onStart() -> onStart
    boolean onCreateOptionsMenu(com.actionbarsherlock.view.Menu) -> onCreateOptionsMenu
    boolean onOptionsItemSelected(com.actionbarsherlock.view.MenuItem) -> onOptionsItemSelected
    void fillNodeSpinner(android.widget.Spinner) -> fillNodeSpinner
    void setTypicalSpinner(android.widget.Spinner,it.angelic.soulissclient.model.SoulissNode) -> setTypicalSpinner
    void fillCommandSpinner(android.widget.Spinner,it.angelic.soulissclient.model.SoulissTypical) -> fillCommandSpinner
    void onDestroy() -> onDestroy
    it.angelic.soulissclient.model.SoulissNode[] access$0(it.angelic.soulissclient.AddProgramActivity) -> access$0
    void access$1(it.angelic.soulissclient.AddProgramActivity,android.widget.Spinner,it.angelic.soulissclient.model.SoulissNode) -> access$1
    void access$2(it.angelic.soulissclient.AddProgramActivity,android.widget.Spinner,it.angelic.soulissclient.model.SoulissTypical) -> access$2
    it.angelic.soulissclient.db.SoulissDBHelper access$3(it.angelic.soulissclient.AddProgramActivity) -> access$3
it.angelic.soulissclient.AddProgramActivity$1 -> it.angelic.soulissclient.AddProgramActivity$1:
    it.angelic.soulissclient.AddProgramActivity this$0 -> this$0
    android.widget.Spinner val$outputTypicalSpinner -> val$outputTypicalSpinner
    void onItemSelected(android.widget.AdapterView,android.view.View,int,long) -> onItemSelected
    void onNothingSelected(android.widget.AdapterView) -> onNothingSelected
it.angelic.soulissclient.AddProgramActivity$10 -> it.angelic.soulissclient.AddProgramActivity$10:
    it.angelic.soulissclient.AddProgramActivity this$0 -> this$0
    void onClick(android.view.View) -> onClick
it.angelic.soulissclient.AddProgramActivity$2 -> it.angelic.soulissclient.AddProgramActivity$2:
    it.angelic.soulissclient.AddProgramActivity this$0 -> this$0
    android.widget.Spinner val$outputNodeSpinner -> val$outputNodeSpinner
    android.widget.Spinner val$outputCommandSpinner -> val$outputCommandSpinner
    void onItemSelected(android.widget.AdapterView,android.view.View,int,long) -> onItemSelected
    void onNothingSelected(android.widget.AdapterView) -> onNothingSelected
it.angelic.soulissclient.AddProgramActivity$3 -> it.angelic.soulissclient.AddProgramActivity$3:
    it.angelic.soulissclient.AddProgramActivity this$0 -> this$0
    android.widget.RadioButton val$radioPositional -> val$radioPositional
    android.widget.RadioButton val$radioSensorial -> val$radioSensorial
    android.widget.CheckBox val$checkboxRecursive -> val$checkboxRecursive
    android.widget.TimePicker val$tp -> val$tp
    android.widget.Spinner val$spinnerInterval -> val$spinnerInterval
    android.widget.ToggleButton val$togglehomeaway -> val$togglehomeaway
    android.widget.Spinner val$triggeredTypicalSpinner -> val$triggeredTypicalSpinner
    android.widget.Spinner val$triggeredNodeSpinner -> val$triggeredNodeSpinner
    android.widget.Button val$buttComparator -> val$buttComparator
    android.widget.EditText val$et -> val$et
    android.widget.TextView val$textviewPositional -> val$textviewPositional
    android.widget.TextView val$textviewTimed -> val$textviewTimed
    android.widget.TextView val$textviewTriggered -> val$textviewTriggered
    void onClick(android.view.View) -> onClick
...
android.support.v4.view.ViewCompatGingerbread -> android.support.v4.view.ah:
    int getOverScrollMode(android.view.View) -> a
android.support.v4.view.ViewCompatHC -> android.support.v4.view.ai:
    long getFrameTime() -> a
    void setLayerType(android.view.View,int,android.graphics.Paint) -> a
    int getLayerType(android.view.View) -> a
android.support.v4.view.ViewCompatICS -> android.support.v4.view.aj:
    boolean canScrollHorizontally(android.view.View,int) -> a
android.support.v4.view.ViewCompatJB -> android.support.v4.view.ak:
    void postInvalidateOnAnimation(android.view.View) -> a
    void postInvalidateOnAnimation(android.view.View,int,int,int,int) -> a
    void postOnAnimation(android.view.View,java.lang.Runnable) -> a
android.support.v4.view.ViewCompatJellybeanMr1 -> android.support.v4.view.al:
    void setLayerPaint(android.view.View,android.graphics.Paint) -> a
    int getLayoutDirection(android.view.View) -> a
android.support.v4.view.ViewPager -> android.support.v4.view.ViewPager:
    int[] LAYOUT_ATTRS -> a
    int mExpectedAdapterCount -> b
    java.util.Comparator COMPARATOR -> c
    android.view.animation.Interpolator sInterpolator -> d
    java.util.ArrayList mItems -> e
    android.support.v4.view.ViewPager$ItemInfo mTempItem -> f
    android.graphics.Rect mTempRect -> g
    android.support.v4.view.PagerAdapter mAdapter -> h
    int mCurItem -> i
    int mRestoredCurItem -> j
    android.os.Parcelable mRestoredAdapterState -> k
    java.lang.ClassLoader mRestoredClassLoader -> l
    android.widget.Scroller mScroller -> m
    android.support.v4.view.ViewPager$PagerObserver mObserver -> n
    int mPageMargin -> o
    android.graphics.drawable.Drawable mMarginDrawable -> p
    int mTopPageBounds -> q
    int mBottomPageBounds -> r
    float mFirstOffset -> s
    float mLastOffset -> t
    int mChildWidthMeasureSpec -> u
    int mChildHeightMeasureSpec -> v
    boolean mInLayout -> w
    boolean mScrollingCacheEnabled -> x
    boolean mPopulatePending -> y
    int mOffscreenPageLimit -> z
    boolean mIsBeingDragged -> A
    boolean mIsUnableToDrag -> B
    int mDefaultGutterSize -> C
    int mGutterSize -> D
    int mTouchSlop -> E
    float mLastMotionX -> F
    float mLastMotionY -> G
    float mInitialMotionX -> H
    float mInitialMotionY -> I
    int mActivePointerId -> J
    android.view.VelocityTracker mVelocityTracker -> K
    int mMinimumVelocity -> L
android.support.v4.view.ViewPager$1 -> android.support.v4.view.am:
    int compare(android.support.v4.view.ViewPager$ItemInfo,android.support.v4.view.ViewPager$ItemInfo) -> a
    int compare(java.lang.Object,java.lang.Object) -> compare
android.support.v4.view.ViewPager$2 -> android.support.v4.view.an:
    float getInterpolation(float) -> getInterpolation
android.support.v4.view.ViewPager$Decor -> android.support.v4.view.ao:
android.support.v4.view.ViewPager$ItemInfo -> android.support.v4.view.ap:
    java.lang.Object object -> a
    int position -> b
    boolean scrolling -> c
    float widthFactor -> d
    float offset -> e
android.support.v4.view.ViewPager$LayoutParams -> android.support.v4.view.aq:
    boolean isDecor -> a
    int gravity -> b
    float widthFactor -> c
    boolean needsMeasure -> d
    int position -> e
    int childIndex -> f
android.support.v4.view.ViewPager$OnAdapterChangeListener -> android.support.v4.view.ar:
    void onAdapterChanged(android.support.v4.view.PagerAdapter,android.support.v4.view.PagerAdapter) -> a
android.support.v4.view.ViewPager$OnPageChangeListener -> android.support.v4.view.as:
    void onPageScrolled(int,float,int) -> a
    void onPageSelected(int) -> a
    void onPageScrollStateChanged(int) -> b
android.support.v4.view.ViewPager$PageTransformer -> android.support.v4.view.at:
    void transformPage(android.view.View,float) -> a