SoulissClient/proguard/usage.txt
android.support.v4.view.MotionEventCompatEclair:
    24:24:MotionEventCompatEclair()
android.support.v4.view.PagerTabStrip
android.support.v4.view.PagerTabStrip$1
android.support.v4.view.PagerTabStrip$2
android.support.v4.view.PagerTitleStrip
android.support.v4.view.PagerTitleStrip$1
android.support.v4.view.PagerTitleStrip$PageListener
android.support.v4.view.PagerTitleStrip$PagerTitleStripImpl
android.support.v4.view.PagerTitleStrip$PagerTitleStripImplBase
android.support.v4.view.PagerTitleStrip$PagerTitleStripImplIcs
android.support.v4.view.PagerTitleStripIcs
android.support.v4.view.PagerTitleStripIcs$SingleLineAllCapsTransform
android.support.v4.view.VelocityTrackerCompat:
    25:51:public VelocityTrackerCompat()
android.support.v4.view.VelocityTrackerCompatHoneycomb:
    24:24:VelocityTrackerCompatHoneycomb()
android.support.v4.view.ViewCompat:
    public static final int OVER_SCROLL_ALWAYS
    public static final int OVER_SCROLL_IF_CONTENT_SCROLLS
    public static final int OVER_SCROLL_NEVER
    private static final long FAKE_FRAME_TIME
    public static final int IMPORTANT_FOR_ACCESSIBILITY_AUTO
    public static final int IMPORTANT_FOR_ACCESSIBILITY_YES
    public static final int IMPORTANT_FOR_ACCESSIBILITY_NO
    public static final int LAYER_TYPE_NONE
    public static final int LAYER_TYPE_SOFTWARE
    public static final int LAYER_TYPE_HARDWARE
    public static final int LAYOUT_DIRECTION_LTR
    public static final int LAYOUT_DIRECTION_RTL
    public static final int LAYOUT_DIRECTION_INHERIT
    public static final int LAYOUT_DIRECTION_LOCALE
    34:397:public ViewCompat()
    462:462:public static boolean canScrollVertically(android.view.View,int)
    491:492:public static void setOverScrollMode(android.view.View,int)
    528:529:public static void onPopulateAccessibilityEvent(android.view.View,android.view.accessibility.AccessibilityEvent)
    561:562:public static void onInitializeAccessibilityEvent(android.view.View,android.view.accessibility.AccessibilityEvent)
    597:598:public static void onInitializeAccessibilityNodeInfo(android.view.View,android.support.v4.view.accessibility.AccessibilityNodeInfoCompat)
    612:613:public static void setAccessibilityDelegate(android.view.View,android.support.v4.view.AccessibilityDelegateCompat)
android.support.v4.view.ViewCompat$BaseViewCompatImpl:
    175:175:public boolean canScrollVertically(android.view.View,int)
    182:182:public void setOverScrollMode(android.view.View,int)
    185:185:public void setAccessibilityDelegate(android.view.View,android.support.v4.view.AccessibilityDelegateCompat)
    188:188:public void onPopulateAccessibilityEvent(android.view.View,android.view.accessibility.AccessibilityEvent)
    191:191:public void onInitializeAccessibilityEvent(android.view.View,android.view.accessibility.AccessibilityEvent)
    194:194:public void onInitializeAccessibilityNodeInfo(android.view.View,android.support.v4.view.accessibility.AccessibilityNodeInfoCompat)
    197:197:public boolean hasTransientState(android.view.View)
    201:201:public void setHasTransientState(android.view.View,boolean)
    212:213:public void postOnAnimationDelayed(android.view.View,java.lang.Runnable,long)
    218:218:public int getImportantForAccessibility(android.view.View)
    222:222:public void setImportantForAccessibility(android.view.View,int)
    224:224:public boolean performAccessibilityAction(android.view.View,int,android.os.Bundle)
    227:227:public android.support.v4.view.accessibility.AccessibilityNodeProviderCompat getAccessibilityNodeProvider(android.view.View)
    230:230:public float getAlpha(android.view.View)
    239:239:public int getLabelFor(android.view.View)
    243:243:public void setLabelFor(android.view.View,int)
android.support.v4.view.ViewCompat$GBViewCompatImpl:
    287:288:public void setOverScrollMode(android.view.View,int)
android.support.v4.view.ViewCompat$HCViewCompatImpl:
    298:298:public float getAlpha(android.view.View)